<?xml version="1.0" encoding="UTF-8"?>
<!-- Generated by org.testng.reporters.JUnitXMLReporter -->
<testsuite ignored="9" hostname="Iqra-fayaz" failures="0" tests="2" name="Test" time="0.046" errors="0" timestamp="2023-11-26T01:36:03 PKT">
  <testcase classname="Ecom.Project.class4" name="fucn1" time="0.015"/>
  <testcase classname="Ecom.Project.class4" name="fucn4" time="0.001"/>
  <testcase classname="Ecom.Project.class4" name="fucn2" time="0.0">
    <ignored/>
  </testcase> <!-- fucn2 -->
  <testcase classname="Ecom.Project.class2" name="f2" time="0.0">
    <ignored/>
  </testcase> <!-- f2 -->
  <testcase classname="Ecom.Project.class1" name="fucn4" time="0.0">
    <ignored/>
  </testcase> <!-- fucn4 -->
  <testcase classname="Ecom.Project.class2" name="f3" time="0.0">
    <ignored/>
  </testcase> <!-- f3 -->
  <testcase classname="Ecom.Project.class3" name="ok4" time="0.0">
    <ignored/>
  </testcase> <!-- ok4 -->
  <testcase classname="Ecom.Project.class3" name="ok1" time="0.0">
    <ignored/>
  </testcase> <!-- ok1 -->
  <testcase classname="Ecom.Project.class3" name="ok3" time="0.0">
    <ignored/>
  </testcase> <!-- ok3 -->
  <testcase classname="Ecom.Project.class3" name="ok2" time="0.0">
    <ignored/>
  </testcase> <!-- ok2 -->
  <testcase classname="Ecom.Project.class1" name="fucn2" time="0.0">
    <ignored/>
  </testcase> <!-- fucn2 -->
</testsuite> <!-- Test -->
