<?xml version="1.0" encoding="UTF-8"?>
<testng-results ignored="0" total="3" passed="2" failed="1" skipped="0">
  <reporter-output>
  </reporter-output>
  <suite started-at="2023-11-26T01:43:50 PKT" name="Default suite" finished-at="2023-11-26T01:43:50 PKT" duration-ms="39">
    <groups>
      <group name="Smoke">
        <method signature="class4.fucn1()[pri:0, instance:Ecom.Project.class4@7ea9e1e2]" name="fucn1" class="Ecom.Project.class4"/>
      </group> <!-- Smoke -->
    </groups>
    <test started-at="2023-11-26T01:43:50 PKT" name="Default test" finished-at="2023-11-26T01:43:50 PKT" duration-ms="39">
      <class name="Ecom.Project.class4">
        <test-method signature="fucn1()[pri:0, instance:Ecom.Project.class4@7ea9e1e2]" started-at="2023-11-26T01:43:50 PKT" name="fucn1" finished-at="2023-11-26T01:43:50 PKT" duration-ms="6" status="PASS">
          <reporter-output>
          </reporter-output>
        </test-method> <!-- fucn1 -->
        <test-method signature="fucn2(java.lang.String)[pri:0, instance:Ecom.Project.class4@7ea9e1e2]" started-at="2023-11-26T01:43:50 PKT" name="fucn2" finished-at="2023-11-26T01:43:50 PKT" duration-ms="0" status="FAIL">
          <exception class="org.testng.TestNGException">
            <message>
              <![CDATA[
Parameter 'url' is required by @Test on method fucn2 but has not been marked @Optional or defined
in C:\Users\HP\AppData\Local\Temp\testng-eclipse-2039532358\testng-customsuite.xml]]>
            </message>
            <full-stacktrace>
              <![CDATA[org.testng.TestNGException: 
Parameter 'url' is required by @Test on method fucn2 but has not been marked @Optional or defined
in C:\Users\HP\AppData\Local\Temp\testng-eclipse-2039532358\testng-customsuite.xml
at org.testng.internal.Parameters.createParams(Parameters.java:270)
at org.testng.internal.Parameters.createParametersForMethod(Parameters.java:358)
at org.testng.internal.Parameters.createParameters(Parameters.java:700)
at org.testng.internal.Parameters.handleParameters(Parameters.java:884)
at org.testng.internal.Parameters.handleParameters(Parameters.java:740)
at org.testng.internal.ParameterHandler.handleParameters(ParameterHandler.java:59)
at org.testng.internal.ParameterHandler.createParameters(ParameterHandler.java:38)
at org.testng.internal.TestInvoker$MethodInvocationAgent.invoke(TestInvoker.java:791)
at org.testng.internal.TestInvoker.invokeTestMethods(TestInvoker.java:146)
at org.testng.internal.TestMethodWorker.invokeTestMethods(TestMethodWorker.java:146)
at org.testng.internal.TestMethodWorker.run(TestMethodWorker.java:128)
at java.base/java.util.ArrayList.forEach(ArrayList.java:1511)
at org.testng.TestRunner.privateRun(TestRunner.java:794)
at org.testng.TestRunner.run(TestRunner.java:596)
at org.testng.SuiteRunner.runTest(SuiteRunner.java:377)
at org.testng.SuiteRunner.runSequentially(SuiteRunner.java:371)
at org.testng.SuiteRunner.privateRun(SuiteRunner.java:332)
at org.testng.SuiteRunner.run(SuiteRunner.java:276)
at org.testng.SuiteRunnerWorker.runSuite(SuiteRunnerWorker.java:53)
at org.testng.SuiteRunnerWorker.run(SuiteRunnerWorker.java:96)
at org.testng.TestNG.runSuitesSequentially(TestNG.java:1212)
at org.testng.TestNG.runSuitesLocally(TestNG.java:1134)
at org.testng.TestNG.runSuites(TestNG.java:1063)
at org.testng.TestNG.run(TestNG.java:1031)
at org.testng.remote.AbstractRemoteTestNG.run(AbstractRemoteTestNG.java:115)
at org.testng.remote.RemoteTestNG.initAndRun(RemoteTestNG.java:251)
at org.testng.remote.RemoteTestNG.main(RemoteTestNG.java:77)
]]>
            </full-stacktrace>
          </exception> <!-- org.testng.TestNGException -->
          <reporter-output>
          </reporter-output>
        </test-method> <!-- fucn2 -->
        <test-method signature="fucn4()[pri:0, instance:Ecom.Project.class4@7ea9e1e2]" started-at="2023-11-26T01:43:50 PKT" name="fucn4" finished-at="2023-11-26T01:43:50 PKT" duration-ms="1" status="PASS">
          <reporter-output>
          </reporter-output>
        </test-method> <!-- fucn4 -->
      </class> <!-- Ecom.Project.class4 -->
    </test> <!-- Default test -->
  </suite> <!-- Default suite -->
</testng-results>
